Virtuoso Framework License (111) was checked out successfully. Total checkout time was 0.06s.
Loading /h/ndavis01/final_project/vlsi_final_project/.simrc file.
Loading ~/.simrc file.
Loading ~/.simrc file.
Loading ~/.simrc file.
Loading ~/.simrc file.
Loading ~/.simrc file.
Loading ~/.simrc file.
Loading ~/.simrc file.
Loading ~/.simrc file.
Loading ~/.simrc file.
Loading ~/.simrc file.
Loading ~/.simrc file.
Loading ~/.simrc file.
Loading ~/.simrc file.
Loading ~/.simrc file.
Loading ~/.simrc file.
Loading ~/.simrc file.
Loading ~/.simrc file.
Loading ~/.simrc file.
Loading ~/.simrc file.
Loading ~/.simrc file.
Loading ~/.simrc file.
Loading ~/.simrc file.
Loading ~/.simrc file.
Loading ~/.simrc file.
Loading ~/.simrc file.
Loading ~/.simrc file.
Loading ~/.simrc file.
Loading ~/.simrc file.
Loading ~/.simrc file.
Loading ~/.simrc file.
Loading ~/.simrc file.
Loading ~/.simrc file.
Loading ~/.simrc file.
Loading ~/.simrc file.
Loading ~/.simrc file.
Loading ~/.simrc file.
Loading ~/.simrc file.
Loading ~/.simrc file.
Loading ~/.simrc file.
Loading ~/.simrc file.
Loading ~/.simrc file.
Loading ~/.simrc file.
Loading ~/.simrc file.
Loading ~/.simrc file.
Loading ~/.simrc file.
Loading ~/.simrc file.
Loading ~/.simrc file.
Loading ~/.simrc file.
Loading ~/.simrc file.
Loading ~/.simrc file.
Loading ~/.simrc file.
Loading ~/.simrc file.
Loading ~/.simrc file.
Loading ~/.simrc file.
Loading ~/.simrc file.
Loading ~/.simrc file.
Loading ~/.simrc file.
Loading ~/.simrc file.
Loading ~/.simrc file.
Loading ~/.simrc file.
Loading ~/.simrc file.
Loading ~/.simrc file.
Loading ~/.simrc file.
Loading ~/.simrc file.
Loading ~/.simrc file.
Loading ~/.simrc file.
Loading ~/.simrc file.
Loading ~/.simrc file.
Loading ~/.simrc file.
Loading ~/.simrc file.
Loading ~/.simrc file.
Loading ~/.simrc file.
Loading ~/.simrc file.
Loading ~/.simrc file.
Loading ~/.simrc file.
Loading ~/.simrc file.
Loading ~/.simrc file.
Loading ~/.simrc file.
Loading ~/.simrc file.
Loading ~/.simrc file.
Loading ~/.simrc file.
Loading ~/.simrc file.
Loading ~/.simrc file.
Loading ~/.simrc file.
Loading ~/.simrc file.
Loading ~/.simrc file.
Loading ~/.simrc file.
Loading ~/.simrc file.
Loading ~/.simrc file.
Loading ~/.simrc file.
Loading ~/.simrc file.
Loading ~/.simrc file.
Loading ~/.simrc file.
Loading ~/.simrc file.
Loading ~/.simrc file.
Loading ~/.simrc file.
Loading ~/.simrc file.
Loading ~/.simrc file.
Loading ~/.simrc file.
Loading ~/.simrc file.
Loading ~/.simrc file.
Loading ~/.simrc file.
Loading ~/.simrc file.
Loading ~/.simrc file.
Loading ~/.simrc file.
Loading ~/.simrc file.
Loading ~/.simrc file.
Loading ~/.simrc file.
Loading ~/.simrc file.
Loading ~/.simrc file.
Loading ~/.simrc file.
Loading ~/.simrc file.
Loading ~/.simrc file.
Loading ~/.simrc file.
Loading ~/.simrc file.
Loading ~/.simrc file.
Loading ~/.simrc file.
Loading ~/.simrc file.
Loading ~/.simrc file.
Loading ~/.simrc file.
Loading ~/.simrc file.
Loading ~/.simrc file.
Loading ~/.simrc file.
Loading ~/.simrc file.
Loading ~/.simrc file.
Loading ~/.simrc file.
Loading ~/.simrc file.
Loading ~/.simrc file.
Loading ~/.simrc file.
Loading ~/.simrc file.
Loading ~/.simrc file.
Loading ~/.simrc file.
Loading ~/.simrc file.
Loading ~/.simrc file.
Loading ~/.simrc file.
Loading ~/.simrc file.
Loading ~/.simrc file.
Loading ~/.simrc file.
Loading ~/.simrc file.
Loading ~/.simrc file.
Loading ~/.simrc file.
Loading ~/.simrc file.
Loading ~/.simrc file.
Loading ~/.simrc file.
Loading ~/.simrc file.
Loading ~/.simrc file.
Loading ~/.simrc file.
Loading ~/.simrc file.
Loading ~/.simrc file.
Loading ~/.simrc file.
Loading ~/.simrc file.
Loading ~/.simrc file.
Loading ~/.simrc file.
Loading ~/.simrc file.
Loading ~/.simrc file.
Loading ~/.simrc file.
Loading ~/.simrc file.
Loading ~/.simrc file.
Loading ~/.simrc file.
Loading ~/.simrc file.
Loading ~/.simrc file.
Loading ~/.simrc file.
Loading ~/.simrc file.
Loading ~/.simrc file.
Loading ~/.simrc file.
Loading ~/.simrc file.
Loading ~/.simrc file.
Loading ~/.simrc file.
Loading ~/.simrc file.
Loading ~/.simrc file.
Loading ~/.simrc file.
Loading ~/.simrc file.
Loading ~/.simrc file.
Loading ~/.simrc file.
Loading ~/.simrc file.
Loading ~/.simrc file.
Loading ~/.simrc file.
Loading ~/.simrc file.
Loading ~/.simrc file.
Loading ~/.simrc file.
Loading ~/.simrc file.
Loading ~/.simrc file.
Loading ~/.simrc file.
Loading ~/.simrc file.
Loading ~/.simrc file.
Loading ~/.simrc file.
Loading ~/.simrc file.
Loading ~/.simrc file.
Loading ~/.simrc file.
Loading ~/.simrc file.
Loading ~/.simrc file.
Loading ~/.simrc file.
Loading ~/.simrc file.
Loading ~/.simrc file.
Loading ~/.simrc file.
Loading ~/.simrc file.
Loading ~/.simrc file.
Loading ~/.simrc file.
Loading ~/.simrc file.
Loading ~/.simrc file.
Loading ~/.simrc file.
Loading ~/.simrc file.
Loading ~/.simrc file.
Loading ~/.simrc file.
Loading ~/.simrc file.
Loading ~/.simrc file.
Loading ~/.simrc file.
Loading ~/.simrc file.
Loading ~/.simrc file.
Loading ~/.simrc file.
Loading ~/.simrc file.
Loading ~/.simrc file.
Loading ~/.simrc file.
Loading ~/.simrc file.
Loading ~/.simrc file.
Loading ~/.simrc file.
Loading ~/.simrc file.
Loading ~/.simrc file.
Loading ~/.simrc file.
Loading ~/.simrc file.
Loading ~/.simrc file.
Loading ~/.simrc file.
Loading ~/.simrc file.
Loading ~/.simrc file.
Loading ~/.simrc file.
Loading ~/.simrc file.
Loading ~/.simrc file.
Loading ~/.simrc file.
Loading ~/.simrc file.
Loading ~/.simrc file.
Loading ~/.simrc file.
Loading ~/.simrc file.
Loading ~/.simrc file.
Loading ~/.simrc file.
Loading ~/.simrc file.
Loading ~/.simrc file.
Loading ~/.simrc file.
Loading ~/.simrc file.
Loading ~/.simrc file.
Loading ~/.simrc file.
Loading ~/.simrc file.
Loading ~/.simrc file.
Loading ~/.simrc file.
Loading ~/.simrc file.
Loading ~/.simrc file.
Loading ~/.simrc file.
Loading ~/.simrc file.
Loading ~/.simrc file.
Loading ~/.simrc file.
Loading ~/.simrc file.
Loading ~/.simrc file.
Loading ~/.simrc file.
Loading ~/.simrc file.
Loading ~/.simrc file.
Loading ~/.simrc file.
Loading ~/.simrc file.
Loading ~/.simrc file.
Loading ~/.simrc file.
Loading ~/.simrc file.
Loading ~/.simrc file.
Loading ~/.simrc file.
Loading ~/.simrc file.
Loading ~/.simrc file.
Loading ~/.simrc file.
Loading ~/.simrc file.
Loading ~/.simrc file.
Loading ~/.simrc file.
Loading ~/.simrc file.
Loading ~/.simrc file.
Loading ~/.simrc file.
Loading ~/.simrc file.
Loading ~/.simrc file.
Loading ~/.simrc file.
Loading ~/.simrc file.
Loading ~/.simrc file.
Loading ~/.simrc file.
Loading ~/.simrc file.
Loading ~/.simrc file.
Loading ~/.simrc file.
Loading ~/.simrc file.
Loading ~/.simrc file.
Loading ~/.simrc file.
Loading ~/.simrc file.
Loading ~/.simrc file.
Loading ~/.simrc file.
Loading ~/.simrc file.
Loading ~/.simrc file.
Loading ~/.simrc file.
Loading ~/.simrc file.
Loading ~/.simrc file.
Loading ~/.simrc file.
Loading ~/.simrc file.
Loading ~/.simrc file.
Loading ~/.simrc file.
Loading ~/.simrc file.
Loading ~/.simrc file.
Loading ~/.simrc file.
Loading ~/.simrc file.
Loading ~/.simrc file.
Loading ~/.simrc file.
Loading ~/.simrc file.
Loading ~/.simrc file.
Loading ~/.simrc file.
Loading ~/.simrc file.
Loading ~/.simrc file.
Loading ~/.simrc file.
Loading ~/.simrc file.
Loading ~/.simrc file.
Loading ~/.simrc file.
Loading ~/.simrc file.
Loading ~/.simrc file.
Loading ~/.simrc file.
Loading ~/.simrc file.
Loading ~/.simrc file.
Loading ~/.simrc file.
Loading ~/.simrc file.
Loading ~/.simrc file.
Loading ~/.simrc file.
Loading ~/.simrc file.
Loading ~/.simrc file.
Loading ~/.simrc file.
Loading ~/.simrc file.
Loading ~/.simrc file.
Loading ~/.simrc file.
Loading ~/.simrc file.
Loading ~/.simrc file.
Loading ~/.simrc file.
Loading ~/.simrc file.
Loading ~/.simrc file.
Loading ~/.simrc file.
Loading ~/.simrc file.
Loading ~/.simrc file.
Loading ~/.simrc file.
Loading ~/.simrc file.
Loading ~/.simrc file.
Loading ~/.simrc file.
Loading ~/.simrc file.
Loading ~/.simrc file.
Loading ~/.simrc file.
Loading ~/.simrc file.
Loading ~/.simrc file.
Loading ~/.simrc file.
Loading ~/.simrc file.
Loading ~/.simrc file.
Loading ~/.simrc file.
Loading ~/.simrc file.
Loading ~/.simrc file.
Loading ~/.simrc file.
Loading ~/.simrc file.
Loading ~/.simrc file.
Loading ~/.simrc file.
Loading ~/.simrc file.
Loading ~/.simrc file.
Loading ~/.simrc file.
Loading ~/.simrc file.
Loading ~/.simrc file.
Loading ~/.simrc file.
Loading ~/.simrc file.
Loading ~/.simrc file.
Loading ~/.simrc file.
Loading ~/.simrc file.
Loading ~/.simrc file.
Loading ~/.simrc file.
Loading ~/.simrc file.
Loading ~/.simrc file.
Loading ~/.simrc file.
Loading ~/.simrc file.
Loading ~/.simrc file.
Loading ~/.simrc file.
Loading ~/.simrc file.
Loading ~/.simrc file.
Loading ~/.simrc file.
Loading ~/.simrc file.
Loading ~/.simrc file.
Loading ~/.simrc file.
Loading ~/.simrc file.
Loading ~/.simrc file.
Loading ~/.simrc file.
Loading ~/.simrc file.
Loading ~/.simrc file.
Loading ~/.simrc file.
Loading ~/.simrc file.
Loading ~/.simrc file.
Loading ~/.simrc file.
Loading ~/.simrc file.
Loading ~/.simrc file.
Loading ~/.simrc file.
Loading ~/.simrc file.
Loading ~/.simrc file.
Loading ~/.simrc file.
Loading ~/.simrc file.
Loading ~/.simrc file.
Loading ~/.simrc file.
Loading ~/.simrc file.
Loading ~/.simrc file.
Loading ~/.simrc file.
Loading ~/.simrc file.
Loading ~/.simrc file.
Loading ~/.simrc file.
Loading ~/.simrc file.
Loading ~/.simrc file.
Loading ~/.simrc file.
Loading ~/.simrc file.
Loading ~/.simrc file.
Loading ~/.simrc file.
Loading ~/.simrc file.
Loading ~/.simrc file.
Loading ~/.simrc file.
Loading ~/.simrc file.
Loading ~/.simrc file.
Loading ~/.simrc file.
Loading ~/.simrc file.
Loading ~/.simrc file.
Loading ~/.simrc file.
Loading ~/.simrc file.
Loading ~/.simrc file.
Loading ~/.simrc file.
Loading ~/.simrc file.
Loading ~/.simrc file.
Loading ~/.simrc file.
Loading ~/.simrc file.
Loading ~/.simrc file.
Loading ~/.simrc file.
Loading ~/.simrc file.
Loading ~/.simrc file.
Loading ~/.simrc file.
Loading ~/.simrc file.
Loading ~/.simrc file.
Loading ~/.simrc file.
Loading ~/.simrc file.
Loading ~/.simrc file.
Loading ~/.simrc file.
Loading ~/.simrc file.
Loading ~/.simrc file.
Loading ~/.simrc file.
Loading ~/.simrc file.
Loading ~/.simrc file.
Loading ~/.simrc file.
Loading ~/.simrc file.
Loading ~/.simrc file.
Loading ~/.simrc file.
Loading ~/.simrc file.
Loading ~/.simrc file.
Loading ~/.simrc file.
Loading ~/.simrc file.
Loading ~/.simrc file.
Loading ~/.simrc file.
Loading ~/.simrc file.
Loading ~/.simrc file.
Loading ~/.simrc file.
Loading ~/.simrc file.
Loading ~/.simrc file.
Loading ~/.simrc file.
Loading ~/.simrc file.
Loading ~/.simrc file.
Loading ~/.simrc file.
Loading ~/.simrc file.
Loading ~/.simrc file.
Loading ~/.simrc file.
Loading ~/.simrc file.
Loading ~/.simrc file.
Loading ~/.simrc file.
Loading ~/.simrc file.
Loading ~/.simrc file.
Loading ~/.simrc file.
Loading ~/.simrc file.
Loading ~/.simrc file.
Loading ~/.simrc file.
Loading ~/.simrc file.
Loading ~/.simrc file.
Loading ~/.simrc file.
Loading ~/.simrc file.
Loading ~/.simrc file.
Loading ~/.simrc file.
Loading ~/.simrc file.
Loading ~/.simrc file.
Loading ~/.simrc file.
Loading ~/.simrc file.
Loading ~/.simrc file.
Loading ~/.simrc file.
Loading ~/.simrc file.
Loading ~/.simrc file.
Loading ~/.simrc file.
Loading ~/.simrc file.
Loading ~/.simrc file.
Loading ~/.simrc file.
Loading ~/.simrc file.
Loading ~/.simrc file.
Loading ~/.simrc file.
Loading ~/.simrc file.
Loading ~/.simrc file.
Loading ~/.simrc file.
Loading ~/.simrc file.
Loading ~/.simrc file.
Loading ~/.simrc file.
Loading ~/.simrc file.
Loading ~/.simrc file.
Loading ~/.simrc file.
Loading ~/.simrc file.
Loading ~/.simrc file.
Loading ~/.simrc file.
Loading ~/.simrc file.
Loading ~/.simrc file.
Loading ~/.simrc file.
Loading ~/.simrc file.
Loading ~/.simrc file.
Loading ~/.simrc file.
Loading ~/.simrc file.
Loading ~/.simrc file.
Loading ~/.simrc file.
Loading ~/.simrc file.
Loading ~/.simrc file.
Loading ~/.simrc file.
Loading ~/.simrc file.
Loading ~/.simrc file.
Loading ~/.simrc file.
Loading ~/.simrc file.
Loading ~/.simrc file.
Loading ~/.simrc file.
Loading ~/.simrc file.
Loading ~/.simrc file.
Loading ~/.simrc file.
Loading ~/.simrc file.
Loading ~/.simrc file.
Loading ~/.simrc file.
Loading ~/.simrc file.
Loading ~/.simrc file.
Loading ~/.simrc file.
Loading ~/.simrc file.
Loading ~/.simrc file.
Loading ~/.simrc file.
Loading ~/.simrc file.
Loading ~/.simrc file.
Loading ~/.simrc file.
Loading ~/.simrc file.
Loading ~/.simrc file.
Loading ~/.simrc file.
Loading ~/.simrc file.
Loading ~/.simrc file.
Loading ~/.simrc file.
Loading ~/.simrc file.
Loading ~/.simrc file.
Loading ~/.simrc file.
Loading ~/.simrc file.
Loading ~/.simrc file.
Loading ~/.simrc file.
Loading ~/.simrc file.
Loading ~/.simrc file.
Loading ~/.simrc file.
Loading ~/.simrc file.
Loading ~/.simrc file.
Loading ~/.simrc file.
Loading ~/.simrc file.
Loading ~/.simrc file.
Loading ~/.simrc file.
Loading ~/.simrc file.
Loading ~/.simrc file.
Loading ~/.simrc file.
Loading ~/.simrc file.
Loading ~/.simrc file.
Loading ~/.simrc file.
Loading ~/.simrc file.
Loading ~/.simrc file.
Loading ~/.simrc file.
Loading ~/.simrc file.
Loading ~/.simrc file.
Loading ~/.simrc file.
Loading ~/.simrc file.
Loading ~/.simrc file.
Loading ~/.simrc file.
Loading ~/.simrc file.
Loading ~/.simrc file.
Loading ~/.simrc file.
Loading ~/.simrc file.
Loading ~/.simrc file.
Loading ~/.simrc file.
Loading ~/.simrc file.
Loading ~/.simrc file.
Loading ~/.simrc file.
Loading ~/.simrc file.
Loading ~/.simrc file.
Loading ~/.simrc file.
Loading ~/.simrc file.
Loading ~/.simrc file.
Loading ~/.simrc file.
Loading ~/.simrc file.
Loading ~/.simrc file.
Loading ~/.simrc file.
Loading ~/.simrc file.
Loading ~/.simrc file.
Loading ~/.simrc file.
Loading ~/.simrc file.
Loading ~/.simrc file.
Loading ~/.simrc file.
Loading ~/.simrc file.
Loading ~/.simrc file.
Loading ~/.simrc file.
Loading ~/.simrc file.
Loading ~/.simrc file.
Loading ~/.simrc file.
Loading ~/.simrc file.
Loading ~/.simrc file.
Loading ~/.simrc file.
Loading ~/.simrc file.
Loading ~/.simrc file.
Loading ~/.simrc file.
Loading ~/.simrc file.
Loading ~/.simrc file.
Loading ~/.simrc file.
Loading ~/.simrc file.
Loading ~/.simrc file.
Loading ~/.simrc file.
Loading ~/.simrc file.
Loading ~/.simrc file.
Loading ~/.simrc file.
Loading ~/.simrc file.
Loading ~/.simrc file.
Loading ~/.simrc file.
Loading ~/.simrc file.
Loading ~/.simrc file.
Loading ~/.simrc file.
Loading ~/.simrc file.
Loading ~/.simrc file.
Loading ~/.simrc file.
Loading ~/.simrc file.
Loading ~/.simrc file.
Loading ~/.simrc file.
Loading ~/.simrc file.
Loading ~/.simrc file.
Loading ~/.simrc file.
Loading ~/.simrc file.
Loading ~/.simrc file.
Loading ~/.simrc file.
Loading ~/.simrc file.
Loading ~/.simrc file.
Loading ~/.simrc file.
Loading ~/.simrc file.
Loading ~/.simrc file.
Loading ~/.simrc file.
Loading ~/.simrc file.
Loading ~/.simrc file.
Loading ~/.simrc file.
Loading ~/.simrc file.
Loading ~/.simrc file.
Loading ~/.simrc file.
Loading ~/.simrc file.
Loading ~/.simrc file.
Loading ~/.simrc file.
Loading ~/.simrc file.
Loading ~/.simrc file.
Loading ~/.simrc file.
Loading ~/.simrc file.
Loading ~/.simrc file.
Loading ~/.simrc file.
Loading ~/.simrc file.
Loading ~/.simrc file.
Loading ~/.simrc file.
Loading ~/.simrc file.
Loading ~/.simrc file.
Loading ~/.simrc file.
Loading ~/.simrc file.
Loading ~/.simrc file.
Loading ~/.simrc file.
Loading ~/.simrc file.
Loading ~/.simrc file.
Loading ~/.simrc file.
Loading ~/.simrc file.
Loading ~/.simrc file.
Loading ~/.simrc file.
Loading ~/.simrc file.
Loading ~/.simrc file.
Loading ~/.simrc file.
Loading ~/.simrc file.
Loading ~/.simrc file.
Loading ~/.simrc file.
Loading ~/.simrc file.
Loading ~/.simrc file.
Loading ~/.simrc file.
Loading ~/.simrc file.
Loading ~/.simrc file.
Loading ~/.simrc file.
Loading ~/.simrc file.
Loading ~/.simrc file.
Loading ~/.simrc file.
Loading ~/.simrc file.
Loading ~/.simrc file.
Loading ~/.simrc file.
Loading ~/.simrc file.
Loading ~/.simrc file.
Loading ~/.simrc file.
Loading ~/.simrc file.
Loading ~/.simrc file.
Loading ~/.simrc file.
Loading ~/.simrc file.
Loading ~/.simrc file.
Loading ~/.simrc file.
Loading ~/.simrc file.
Loading ~/.simrc file.
Loading ~/.simrc file.
Loading ~/.simrc file.
Loading ~/.simrc file.
Loading ~/.simrc file.
Loading ~/.simrc file.
Loading ~/.simrc file.
Loading ~/.simrc file.
Loading ~/.simrc file.
Loading ~/.simrc file.
Loading ~/.simrc file.
Loading ~/.simrc file.
Loading ~/.simrc file.
Loading ~/.simrc file.
Loading ~/.simrc file.
Loading ~/.simrc file.
Loading ~/.simrc file.
Loading ~/.simrc file.
Loading ~/.simrc file.
Loading ~/.simrc file.
Loading ~/.simrc file.
Loading ~/.simrc file.
Loading ~/.simrc file.
Loading ~/.simrc file.
Loading ~/.simrc file.
Loading ~/.simrc file.
Loading ~/.simrc file.
Loading ~/.simrc file.
Loading ~/.simrc file.
Loading ~/.simrc file.
Loading ~/.simrc file.
Loading ~/.simrc file.
Loading ~/.simrc file.
Loading ~/.simrc file.
Loading ~/.simrc file.
Loading ~/.simrc file.
Loading ~/.simrc file.
Loading ~/.simrc file.
Loading ~/.simrc file.
Loading ~/.simrc file.
Loading ~/.simrc file.
Loading ~/.simrc file.
Loading ~/.simrc file.
Loading ~/.simrc file.
Loading ~/.simrc file.
Loading ~/.simrc file.
Loading ~/.simrc file.
Loading ~/.simrc file.
Loading ~/.simrc file.
Loading ~/.simrc file.
Loading ~/.simrc file.
Loading ~/.simrc file.
Loading ~/.simrc file.
Loading ~/.simrc file.
Loading ~/.simrc file.
Loading ~/.simrc file.
Loading ~/.simrc file.
Loading ~/.simrc file.
Loading ~/.simrc file.
Loading ~/.simrc file.
Loading ~/.simrc file.
Loading ~/.simrc file.
Loading ~/.simrc file.
Loading ~/.simrc file.
Loading ~/.simrc file.
Loading ~/.simrc file.
Loading ~/.simrc file.
Loading ~/.simrc file.
Loading ~/.simrc file.
Loading ~/.simrc file.
Loading ~/.simrc file.
Loading ~/.simrc file.
Loading ~/.simrc file.
Loading ~/.simrc file.
Loading ~/.simrc file.
Loading ~/.simrc file.
Loading ~/.simrc file.
Loading ~/.simrc file.
Loading ~/.simrc file.
Loading ~/.simrc file.
Loading ~/.simrc file.
Loading ~/.simrc file.
Loading ~/.simrc file.
Loading ~/.simrc file.
Loading ~/.simrc file.
Loading ~/.simrc file.
Loading ~/.simrc file.
Loading ~/.simrc file.
Loading ~/.simrc file.
Loading ~/.simrc file.
Loading ~/.simrc file.
Loading ~/.simrc file.
Loading ~/.simrc file.
Loading ~/.simrc file.
Loading ~/.simrc file.
Loading ~/.simrc file.
Loading ~/.simrc file.
Loading ~/.simrc file.
Loading ~/.simrc file.
Loading ~/.simrc file.
Loading ~/.simrc file.
Loading ~/.simrc file.
Loading ~/.simrc file.
Loading ~/.simrc file.
Loading ~/.simrc file.
Loading ~/.simrc file.
Loading ~/.simrc file.
Loading ~/.simrc file.
Loading ~/.simrc file.
Loading ~/.simrc file.
Loading ~/.simrc file.
Loading ~/.simrc file.
Loading ~/.simrc file.
Loading ~/.simrc file.
Loading ~/.simrc file.
Loading ~/.simrc file.
Loading ~/.simrc file.
Loading ~/.simrc file.
Loading ~/.simrc file.
Loading ~/.simrc file.
Loading ~/.simrc file.
Loading ~/.simrc file.
Loading ~/.simrc file.
Loading ~/.simrc file.
Loading ~/.simrc file.
Loading ~/.simrc file.
Loading ~/.simrc file.
Loading ~/.simrc file.
Loading ~/.simrc file.
Loading ~/.simrc file.
Loading ~/.simrc file.
Loading ~/.simrc file.
Loading ~/.simrc file.
Loading ~/.simrc file.
Loading ~/.simrc file.
Loading ~/.simrc file.
Loading ~/.simrc file.
Loading ~/.simrc file.
Loading ~/.simrc file.
Loading ~/.simrc file.
Loading ~/.simrc file.
Loading ~/.simrc file.
Loading ~/.simrc file.
Loading ~/.simrc file.
Loading ~/.simrc file.
Loading ~/.simrc file.
Loading ~/.simrc file.
Loading ~/.simrc file.
Loading ~/.simrc file.
Loading ~/.simrc file.
Loading ~/.simrc file.
Loading ~/.simrc file.
Loading ~/.simrc file.
Loading ~/.simrc file.
Loading ~/.simrc file.
Loading ~/.simrc file.
Loading ~/.simrc file.
Loading ~/.simrc file.
Loading ~/.simrc file.
Loading ~/.simrc file.
Loading ~/.simrc file.
Loading ~/.simrc file.
Loading ~/.simrc file.
Loading ~/.simrc file.
Loading ~/.simrc file.
Loading ~/.simrc file.
Loading ~/.simrc file.
Loading ~/.simrc file.
Loading ~/.simrc file.
Loading ~/.simrc file.
Loading ~/.simrc file.
Loading ~/.simrc file.
Loading ~/.simrc file.
Loading ~/.simrc file.
Loading ~/.simrc file.
Loading ~/.simrc file.
Loading ~/.simrc file.
Loading ~/.simrc file.
Loading ~/.simrc file.
Loading ~/.simrc file.
Loading ~/.simrc file.
Loading ~/.simrc file.
Loading ~/.simrc file.
Loading ~/.simrc file.
Loading ~/.simrc file.
Loading ~/.simrc file.
Loading ~/.simrc file.
Loading ~/.simrc file.
Loading ~/.simrc file.
Loading ~/.simrc file.
Loading ~/.simrc file.
Loading ~/.simrc file.
Loading ~/.simrc file.
Loading ~/.simrc file.
Loading ~/.simrc file.
Loading ~/.simrc file.
Loading ~/.simrc file.
Loading ~/.simrc file.
Loading ~/.simrc file.
Loading ~/.simrc file.
Loading ~/.simrc file.
Loading ~/.simrc file.
Loading ~/.simrc file.
Loading ~/.simrc file.
Loading ~/.simrc file.
Loading ~/.simrc file.
Loading ~/.simrc file.
Loading ~/.simrc file.
Loading ~/.simrc file.
Loading ~/.simrc file.
Loading ~/.simrc file.
Loading ~/.simrc file.
Loading ~/.simrc file.
Loading ~/.simrc file.
Loading ~/.simrc file.
Loading ~/.simrc file.
Loading ~/.simrc file.
Loading ~/.simrc file.
Loading ~/.simrc file.
Loading ~/.simrc file.
Loading ~/.simrc file.
Loading ~/.simrc file.
Loading ~/.simrc file.
Loading ~/.simrc file.
Loading ~/.simrc file.
Loading ~/.simrc file.
Loading ~/.simrc file.
Loading ~/.simrc file.
Loading ~/.simrc file.
Loading ~/.simrc file.
Loading ~/.simrc file.
Loading ~/.simrc file.
Loading ~/.simrc file.
Loading ~/.simrc file.
Loading ~/.simrc file.
Loading ~/.simrc file.
Loading ~/.simrc file.
Loading ~/.simrc file.
Loading ~/.simrc file.
Loading ~/.simrc file.
Loading ~/.simrc file.
Loading ~/.simrc file.
Loading ~/.simrc file.
Loading ~/.simrc file.
Loading ~/.simrc file.
Loading ~/.simrc file.
Loading ~/.simrc file.
Loading ~/.simrc file.
Loading ~/.simrc file.
Loading ~/.simrc file.
Loading ~/.simrc file.
Loading ~/.simrc file.
Loading ~/.simrc file.
Loading ~/.simrc file.
Loading ~/.simrc file.
Loading ~/.simrc file.
Loading ~/.simrc file.
Loading ~/.simrc file.
Loading ~/.simrc file.
Loading ~/.simrc file.
Loading ~/.simrc file.
Loading ~/.simrc file.
Loading ~/.simrc file.
Loading ~/.simrc file.
Loading ~/.simrc file.
Loading ~/.simrc file.
Loading ~/.simrc file.
Loading ~/.simrc file.
Loading ~/.simrc file.
Loading ~/.simrc file.
Loading ~/.simrc file.
Loading ~/.simrc file.
Loading ~/.simrc file.
Loading ~/.simrc file.
Loading ~/.simrc file.
Loading ~/.simrc file.
Loading ~/.simrc file.
Loading ~/.simrc file.
Loading ~/.simrc file.
Loading ~/.simrc file.
Loading ~/.simrc file.
Loading ~/.simrc file.
Loading ~/.simrc file.
Loading ~/.simrc file.
Loading ~/.simrc file.
Loading ~/.simrc file.
Loading ~/.simrc file.
Loading ~/.simrc file.
Loading ~/.simrc file.
Loading ~/.simrc file.
Loading ~/.simrc file.
Loading ~/.simrc file.
Loading ~/.simrc file.
Loading ~/.simrc file.
Loading ~/.simrc file.
Loading ~/.simrc file.
Loading ~/.simrc file.
Loading ~/.simrc file.
Loading ~/.simrc file.
Loading ~/.simrc file.
Loading ~/.simrc file.
Loading ~/.simrc file.
Loading ~/.simrc file.
Loading ~/.simrc file.
Loading ~/.simrc file.
Loading ~/.simrc file.
Loading ~/.simrc file.
Loading ~/.simrc file.
Loading ~/.simrc file.
Loading ~/.simrc file.
Loading ~/.simrc file.
Loading ~/.simrc file.
Loading ~/.simrc file.
Loading ~/.simrc file.
Loading ~/.simrc file.
Loading ~/.simrc file.
*Error* load: can't access file - "~/.simrc"
Loading ~/.simrc file.
Loading ~/.simrc file.
Loading ~/.simrc file.
Loading ~/.simrc file.
Loading ~/.simrc file.
Loading ~/.simrc file.
Loading ~/.simrc file.
Loading ~/.simrc file.
Loading ~/.simrc file.
Loading ~/.simrc file.
Loading ~/.simrc file.
Loading ~/.simrc file.
Loading ~/.simrc file.
Loading ~/.simrc file.
Loading ~/.simrc file.
Loading ~/.simrc file.
Loading ~/.simrc file.
Loading ~/.simrc file.
Loading ~/.simrc file.
Loading ~/.simrc file.
Loading ~/.simrc file.
Loading ~/.simrc file.
Loading ~/.simrc file.
Loading ~/.simrc file.
Loading ~/.simrc file.
Loading ~/.simrc file.
Loading ~/.simrc file.
Loading ~/.simrc file.
Loading ~/.simrc file.
Loading ~/.simrc file.
Loading ~/.simrc file.
Loading ~/.simrc file.
Loading ~/.simrc file.
Loading ~/.simrc file.
Loading ~/.simrc file.
Loading ~/.simrc file.
Loading ~/.simrc file.
Loading ~/.simrc file.
Loading ~/.simrc file.
Loading ~/.simrc file.
Loading ~/.simrc file.
Loading ~/.simrc file.
Loading ~/.simrc file.
Loading ~/.simrc file.
Loading ~/.simrc file.
Loading ~/.simrc file.
Loading ~/.simrc file.
Loading ~/.simrc file.
Loading ~/.simrc file.
Loading ~/.simrc file.
Loading ~/.simrc file.
Loading ~/.simrc file.
Loading ~/.simrc file.
Loading ~/.simrc file.
Loading ~/.simrc file.
Loading ~/.simrc file.
Loading ~/.simrc file.
Loading ~/.simrc file.
Loading ~/.simrc file.
Loading ~/.simrc file.
Loading ~/.simrc file.
Loading ~/.simrc file.
Loading ~/.simrc file.
Loading ~/.simrc file.
Loading ~/.simrc file.
Loading ~/.simrc file.
Loading ~/.simrc file.
Loading ~/.simrc file.
Loading ~/.simrc file.
Loading ~/.simrc file.
Loading ~/.simrc file.
Loading ~/.simrc file.
Loading ~/.simrc file.
Loading ~/.simrc file.
Loading ~/.simrc file.
Loading ~/.simrc file.
Loading ~/.simrc file.
Loading ~/.simrc file.
Loading ~/.simrc file.
Loading ~/.simrc file.
Loading ~/.simrc file.
Loading ~/.simrc file.
Loading ~/.simrc file.
Loading ~/.simrc file.
Loading ~/.simrc file.
Loading ~/.simrc file.
Loading ~/.simrc file.
Loading ~/.simrc file.
Loading ~/.simrc file.
Loading ~/.simrc file.
Loading ~/.simrc file.
Loading ~/.simrc file.
Loading ~/.simrc file.
Loading ~/.simrc file.
Loading ~/.simrc file.
Loading ~/.simrc file.
Loading ~/.simrc file.
Loading ~/.simrc file.
Loading ~/.simrc file.
Loading ~/.simrc file.
Loading ~/.simrc file.
Loading ~/.simrc file.
Loading ~/.simrc file.
Loading ~/.simrc file.
Loading ~/.simrc file.
Loading ~/.simrc file.
Loading ~/.simrc file.
Loading ~/.simrc file.
Loading ~/.simrc file.
Loading ~/.simrc file.
Loading ~/.simrc file.
Loading ~/.simrc file.
Loading ~/.simrc file.
Loading ~/.simrc file.
Loading ~/.simrc file.
Loading ~/.simrc file.
Loading ~/.simrc file.
Loading ~/.simrc file.
Loading ~/.simrc file.
Loading ~/.simrc file.
Loading ~/.simrc file.
Loading ~/.simrc file.
Loading ~/.simrc file.
Loading ~/.simrc file.
Loading ~/.simrc file.
Loading ~/.simrc file.
Loading ~/.simrc file.
Loading ~/.simrc file.
Loading ~/.simrc file.
Loading ~/.simrc file.
Loading ~/.simrc file.
Loading ~/.simrc file.
Loading ~/.simrc file.
Loading ~/.simrc file.
Loading ~/.simrc file.
Loading ~/.simrc file.
Loading ~/.simrc file.
Loading ~/.simrc file.
Loading ~/.simrc file.
Loading ~/.simrc file.
Loading ~/.simrc file.
Loading ~/.simrc file.
Loading ~/.simrc file.
Loading ~/.simrc file.
Loading ~/.simrc file.
Loading ~/.simrc file.
Loading ~/.simrc file.
Loading ~/.simrc file.
Loading ~/.simrc file.
Loading ~/.simrc file.
Loading ~/.simrc file.
Loading ~/.simrc file.
Loading ~/.simrc file.
Loading ~/.simrc file.
Loading ~/.simrc file.
Loading ~/.simrc file.
Loading ~/.simrc file.
Loading ~/.simrc file.
Loading ~/.simrc file.
Loading ~/.simrc file.
Loading ~/.simrc file.
Loading ~/.simrc file.
Loading ~/.simrc file.
Loading ~/.simrc file.
Loading ~/.simrc file.
Loading ~/.simrc file.
Loading ~/.simrc file.
Loading ~/.simrc file.
Loading ~/.simrc file.
Loading ~/.simrc file.
Loading ~/.simrc file.
Loading ~/.simrc file.
Loading ~/.simrc file.
Loading ~/.simrc file.
Loading ~/.simrc file.
Loading ~/.simrc file.
Loading ~/.simrc file.
Loading ~/.simrc file.
Loading ~/.simrc file.
Loading ~/.simrc file.
Loading ~/.simrc file.
Loading ~/.simrc file.
Loading ~/.simrc file.
Loading ~/.simrc file.
Loading ~/.simrc file.
Loading ~/.simrc file.
Loading ~/.simrc file.
Loading ~/.simrc file.
Loading ~/.simrc file.
Loading ~/.simrc file.
Loading ~/.simrc file.
Loading ~/.simrc file.
Loading ~/.simrc file.
Loading ~/.simrc file.
Loading ~/.simrc file.
Loading ~/.simrc file.
Loading ~/.simrc file.
Loading ~/.simrc file.
Loading ~/.simrc file.
Loading ~/.simrc file.
Loading ~/.simrc file.
Loading ~/.simrc file.
Loading ~/.simrc file.
Loading ~/.simrc file.
Loading ~/.simrc file.
Loading ~/.simrc file.
Loading ~/.simrc file.
Loading ~/.simrc file.
Loading ~/.simrc file.
Loading ~/.simrc file.
Loading ~/.simrc file.
Loading ~/.simrc file.
Loading ~/.simrc file.
Loading ~/.simrc file.
Loading ~/.simrc file.
Loading ~/.simrc file.
Loading ~/.simrc file.
Loading ~/.simrc file.
Loading ~/.simrc file.
Loading ~/.simrc file.
Loading ~/.simrc file.
Loading ~/.simrc file.
Loading ~/.simrc file.
Loading ~/.simrc file.
Loading ~/.simrc file.
Loading ~/.simrc file.
Loading ~/.simrc file.
Loading ~/.simrc file.
Loading ~/.simrc file.
Loading ~/.simrc file.
Loading ~/.simrc file.
Loading ~/.simrc file.
Loading ~/.simrc file.
Loading ~/.simrc file.
Loading ~/.simrc file.
Loading ~/.simrc file.
Loading ~/.simrc file.
Loading ~/.simrc file.
Loading ~/.simrc file.
Loading ~/.simrc file.
Loading ~/.simrc file.
Loading ~/.simrc file.
Loading ~/.simrc file.
Loading ~/.simrc file.
Loading ~/.simrc file.
Loading ~/.simrc file.
Loading ~/.simrc file.
Loading ~/.simrc file.
Loading ~/.simrc file.
Loading ~/.simrc file.
Loading ~/.simrc file.
Loading ~/.simrc file.
Loading ~/.simrc file.
Loading ~/.simrc file.
Loading ~/.simrc file.
Loading ~/.simrc file.
Loading ~/.simrc file.
Loading ~/.simrc file.
Loading ~/.simrc file.
Loading ~/.simrc file.
Loading ~/.simrc file.
Loading ~/.simrc file.
Loading ~/.simrc file.
Loading ~/.simrc file.
Loading ~/.simrc file.
Loading ~/.simrc file.
Loading ~/.simrc file.
Loading ~/.simrc file.
Loading ~/.simrc file.
Loading ~/.simrc file.
Loading ~/.simrc file.
Loading ~/.simrc file.
Loading ~/.simrc file.
Loading ~/.simrc file.
Loading ~/.simrc file.
Loading ~/.simrc file.
Loading ~/.simrc file.
Loading ~/.simrc file.
Loading ~/.simrc file.
Loading ~/.simrc file.
Loading ~/.simrc file.
Loading ~/.simrc file.
Loading ~/.simrc file.
Loading ~/.simrc file.
Loading ~/.simrc file.
Loading ~/.simrc file.
Loading ~/.simrc file.
Loading ~/.simrc file.
Loading ~/.simrc file.
Loading ~/.simrc file.
Loading ~/.simrc file.
Loading ~/.simrc file.
Loading ~/.simrc file.
Loading ~/.simrc file.
Loading ~/.simrc file.
Loading ~/.simrc file.
Loading ~/.simrc file.
Loading ~/.simrc file.
Loading ~/.simrc file.
Loading ~/.simrc file.
Loading ~/.simrc file.
Loading ~/.simrc file.
Loading ~/.simrc file.
Loading ~/.simrc file.
Loading ~/.simrc file.
Loading ~/.simrc file.
Loading ~/.simrc file.
Loading ~/.simrc file.
Loading ~/.simrc file.
Loading ~/.simrc file.
Loading ~/.simrc file.
Loading ~/.simrc file.
Loading ~/.simrc file.
Loading ~/.simrc file.
Loading ~/.simrc file.
Loading ~/.simrc file.
Loading ~/.simrc file.
Loading ~/.simrc file.
Loading ~/.simrc file.
Loading ~/.simrc file.
Loading ~/.simrc file.
Loading ~/.simrc file.
Loading ~/.simrc file.
Loading ~/.simrc file.
Loading ~/.simrc file.
Loading ~/.simrc file.
Loading ~/.simrc file.
Loading ~/.simrc file.
Loading ~/.simrc file.
Loading ~/.simrc file.
Loading ~/.simrc file.
Loading ~/.simrc file.
Loading ~/.simrc file.
Loading ~/.simrc file.
Loading ~/.simrc file.
Loading ~/.simrc file.
Loading ~/.simrc file.
Loading ~/.simrc file.
Loading ~/.simrc file.
Loading ~/.simrc file.
Loading ~/.simrc file.
Loading ~/.simrc file.
Loading ~/.simrc file.
Loading ~/.simrc file.
Loading ~/.simrc file.
Loading ~/.simrc file.
Loading ~/.simrc file.
Loading ~/.simrc file.
Loading ~/.simrc file.
Loading ~/.simrc file.
Loading ~/.simrc file.
Loading ~/.simrc file.
Loading ~/.simrc file.
Loading ~/.simrc file.
Loading ~/.simrc file.
Loading ~/.simrc file.
Loading ~/.simrc file.
Loading ~/.simrc file.
Loading ~/.simrc file.
Loading ~/.simrc file.
Loading ~/.simrc file.
Loading ~/.simrc file.
Loading ~/.simrc file.
Loading ~/.simrc file.
Loading ~/.simrc file.
Loading ~/.simrc file.
Loading ~/.simrc file.
Loading ~/.simrc file.
Loading ~/.simrc file.
Loading ~/.simrc file.
Loading ~/.simrc file.
Loading ~/.simrc file.
Loading ~/.simrc file.
Loading ~/.simrc file.
Loading ~/.simrc file.
Loading ~/.simrc file.
Loading ~/.simrc file.
Loading ~/.simrc file.
Loading ~/.simrc file.
Loading ~/.simrc file.
Loading ~/.simrc file.
Loading ~/.simrc file.
Loading ~/.simrc file.
Loading ~/.simrc file.
Loading ~/.simrc file.
Loading ~/.simrc file.
Loading ~/.simrc file.
Loading ~/.simrc file.
Loading ~/.simrc file.
Loading ~/.simrc file.
Loading ~/.simrc file.
Loading ~/.simrc file.
Loading ~/.simrc file.
Loading ~/.simrc file.
Loading ~/.simrc file.
Loading ~/.simrc file.
Loading ~/.simrc file.
Loading ~/.simrc file.
Loading ~/.simrc file.
Loading ~/.simrc file.
Loading ~/.simrc file.
Loading ~/.simrc file.
Loading ~/.simrc file.
Loading ~/.simrc file.
Loading ~/.simrc file.
Loading ~/.simrc file.
Loading ~/.simrc file.
Loading ~/.simrc file.
Loading ~/.simrc file.
Loading ~/.simrc file.
Loading ~/.simrc file.
Loading ~/.simrc file.
Loading ~/.simrc file.
Loading ~/.simrc file.
Loading ~/.simrc file.
Loading ~/.simrc file.
Loading ~/.simrc file.
Loading ~/.simrc file.
Loading ~/.simrc file.
Loading ~/.simrc file.
Loading ~/.simrc file.
Loading ~/.simrc file.
Loading ~/.simrc file.
Loading ~/.simrc file.
Loading ~/.simrc file.
Loading ~/.simrc file.
Loading ~/.simrc file.
Loading ~/.simrc file.
Loading ~/.simrc file.
Loading ~/.simrc file.
Loading ~/.simrc file.
Loading ~/.simrc file.
Loading ~/.simrc file.
Loading ~/.simrc file.
Loading ~/.simrc file.
Loading ~/.simrc file.
Loading ~/.simrc file.
Loading ~/.simrc file.
Loading ~/.simrc file.
Loading ~/.simrc file.
Loading ~/.simrc file.
Loading ~/.simrc file.
Loading ~/.simrc file.
Loading ~/.simrc file.
Loading ~/.simrc file.
Loading ~/.simrc file.
Loading ~/.simrc file.
Loading ~/.simrc file.
Loading ~/.simrc file.
Loading ~/.simrc file.
Loading ~/.simrc file.
Loading ~/.simrc file.
Loading ~/.simrc file.
Loading ~/.simrc file.
Loading ~/.simrc file.
Loading ~/.simrc file.
Loading ~/.simrc file.
Loading ~/.simrc file.
Loading ~/.simrc file.
Loading ~/.simrc file.
Loading ~/.simrc file.
Loading ~/.simrc file.
Loading ~/.simrc file.
Loading ~/.simrc file.
Loading ~/.simrc file.
Loading ~/.simrc file.
Loading ~/.simrc file.
Loading ~/.simrc file.
Loading ~/.simrc file.
Loading ~/.simrc file.
Loading ~/.simrc file.
Loading ~/.simrc file.
Loading ~/.simrc file.
Loading ~/.simrc file.
Loading ~/.simrc file.
Loading ~/.simrc file.
Loading ~/.simrc file.
Loading ~/.simrc file.
Loading ~/.simrc file.
Loading ~/.simrc file.
Loading ~/.simrc file.
Loading ~/.simrc file.
Loading ~/.simrc file.
Loading ~/.simrc file.
Loading ~/.simrc file.
Loading ~/.simrc file.
Loading ~/.simrc file.
Loading ~/.simrc file.
Loading ~/.simrc file.
Loading ~/.simrc file.
Loading ~/.simrc file.
Loading ~/.simrc file.
Loading ~/.simrc file.
Loading ~/.simrc file.
Loading ~/.simrc file.
Loading ~/.simrc file.
Loading ~/.simrc file.
Loading ~/.simrc file.
Loading ~/.simrc file.
Loading ~/.simrc file.
Loading ~/.simrc file.
Loading ~/.simrc file.
Loading ~/.simrc file.
Loading ~/.simrc file.
Loading ~/.simrc file.
Loading ~/.simrc file.
Loading ~/.simrc file.
Loading ~/.simrc file.
Loading ~/.simrc file.
Loading ~/.simrc file.
Loading ~/.simrc file.
Loading ~/.simrc file.
Loading ~/.simrc file.
Loading ~/.simrc file.
Loading ~/.simrc file.
Loading ~/.simrc file.
Loading ~/.simrc file.
Loading ~/.simrc file.
Loading ~/.simrc file.
Loading ~/.simrc file.
Loading ~/.simrc file.
Loading ~/.simrc file.
Loading ~/.simrc file.
Loading ~/.simrc file.
Loading ~/.simrc file.
Loading ~/.simrc file.
Loading ~/.simrc file.
Loading ~/.simrc file.
Loading ~/.simrc file.
Loading ~/.simrc file.
Loading ~/.simrc file.
Loading ~/.simrc file.
Loading ~/.simrc file.
Loading ~/.simrc file.
Loading ~/.simrc file.
Loading ~/.simrc file.
Loading ~/.simrc file.
Loading ~/.simrc file.
Loading ~/.simrc file.
Loading ~/.simrc file.
Loading ~/.simrc file.
Loading ~/.simrc file.
Loading ~/.simrc file.
Loading ~/.simrc file.
Loading ~/.simrc file.
Loading ~/.simrc file.
Loading ~/.simrc file.
Loading ~/.simrc file.
Loading ~/.simrc file.
Loading ~/.simrc file.
Loading ~/.simrc file.
Loading ~/.simrc file.
Loading ~/.simrc file.
Loading ~/.simrc file.
Loading ~/.simrc file.
Loading ~/.simrc file.
Loading ~/.simrc file.
Loading ~/.simrc file.
Loading ~/.simrc file.
Loading ~/.simrc file.
Loading ~/.simrc file.
Loading ~/.simrc file.
Loading ~/.simrc file.
Loading ~/.simrc file.
Loading ~/.simrc file.
Loading ~/.simrc file.
Loading ~/.simrc file.
Loading ~/.simrc file.
Loading ~/.simrc file.
Loading ~/.simrc file.
Loading ~/.simrc file.
Loading ~/.simrc file.
Loading ~/.simrc file.
Loading ~/.simrc file.
Loading ~/.simrc file.
Loading ~/.simrc file.
Loading ~/.simrc file.
Loading ~/.simrc file.
Loading ~/.simrc file.
Loading ~/.simrc file.
Loading ~/.simrc file.
Loading ~/.simrc file.
Loading ~/.simrc file.
Loading ~/.simrc file.
Loading ~/.simrc file.
Loading ~/.simrc file.
Loading ~/.simrc file.
Loading ~/.simrc file.
Loading ~/.simrc file.
Loading ~/.simrc file.
Loading ~/.simrc file.
Loading ~/.simrc file.
Loading ~/.simrc file.
Loading ~/.simrc file.
Loading ~/.simrc file.
Loading ~/.simrc file.
Loading ~/.simrc file.
Loading ~/.simrc file.
Loading ~/.simrc file.
Loading ~/.simrc file.
Loading ~/.simrc file.
Loading ~/.simrc file.
Loading ~/.simrc file.
Loading ~/.simrc file.
Loading ~/.simrc file.
Loading ~/.simrc file.
Loading ~/.simrc file.
Loading ~/.simrc file.
Loading ~/.simrc file.
Loading ~/.simrc file.
Loading ~/.simrc file.
Loading ~/.simrc file.
Loading ~/.simrc file.
Loading ~/.simrc file.
Loading ~/.simrc file.
Loading ~/.simrc file.
Loading ~/.simrc file.
Loading ~/.simrc file.
Loading ~/.simrc file.
Loading ~/.simrc file.
Loading ~/.simrc file.
Loading ~/.simrc file.
Loading ~/.simrc file.
Loading ~/.simrc file.
Loading ~/.simrc file.
Loading ~/.simrc file.
Loading ~/.simrc file.
Loading ~/.simrc file.
Loading ~/.simrc file.
Loading ~/.simrc file.
Loading ~/.simrc file.
Loading ~/.simrc file.
Loading ~/.simrc file.
Loading ~/.simrc file.
Loading ~/.simrc file.
Loading ~/.simrc file.
Loading ~/.simrc file.
Loading ~/.simrc file.
Loading ~/.simrc file.
Loading ~/.simrc file.
Loading ~/.simrc file.
Loading ~/.simrc file.
Loading ~/.simrc file.
Loading ~/.simrc file.
Loading ~/.simrc file.
Loading ~/.simrc file.
Loading ~/.simrc file.
Loading ~/.simrc file.
Loading ~/.simrc file.
Loading ~/.simrc file.
Loading ~/.simrc file.
Loading ~/.simrc file.
Loading ~/.simrc file.
Loading ~/.simrc file.
Loading ~/.simrc file.
Loading ~/.simrc file.
Loading ~/.simrc file.
Loading ~/.simrc file.
Loading ~/.simrc file.
Loading ~/.simrc file.
Loading ~/.simrc file.
Loading ~/.simrc file.
Loading ~/.simrc file.
Loading ~/.simrc file.
Loading ~/.simrc file.
Loading ~/.simrc file.
Loading ~/.simrc file.
Loading ~/.simrc file.
Loading ~/.simrc file.
Loading ~/.simrc file.
Loading ~/.simrc file.
Loading ~/.simrc file.
Loading ~/.simrc file.
Loading ~/.simrc file.
Loading ~/.simrc file.
Loading ~/.simrc file.
Loading ~/.simrc file.
Loading ~/.simrc file.
Loading ~/.simrc file.
Loading ~/.simrc file.
Loading ~/.simrc file.
Loading ~/.simrc file.
Loading ~/.simrc file.
Loading ~/.simrc file.
Loading ~/.simrc file.
Loading ~/.simrc file.
Loading ~/.simrc file.
Loading ~/.simrc file.
Loading ~/.simrc file.
Loading ~/.simrc file.
Loading ~/.simrc file.
Loading ~/.simrc file.
Loading ~/.simrc file.
Loading ~/.simrc file.
Loading ~/.simrc file.
Loading ~/.simrc file.
Loading ~/.simrc file.
Loading ~/.simrc file.
Loading ~/.simrc file.
Loading ~/.simrc file.
Loading ~/.simrc file.
Loading ~/.simrc file.
Loading ~/.simrc file.
Loading ~/.simrc file.
Loading ~/.simrc file.
Loading ~/.simrc file.
Loading ~/.simrc file.
Loading ~/.simrc file.
Loading ~/.simrc file.
Loading ~/.simrc file.
Loading ~/.simrc file.
Loading ~/.simrc file.
Loading ~/.simrc file.
Loading ~/.simrc file.
Loading ~/.simrc file.
Loading ~/.simrc file.
Loading ~/.simrc file.
Loading ~/.simrc file.
Loading ~/.simrc file.
Loading ~/.simrc file.
Loading ~/.simrc file.
Loading ~/.simrc file.
Loading ~/.simrc file.
Loading ~/.simrc file.
Loading ~/.simrc file.
Loading ~/.simrc file.
Loading ~/.simrc file.
Loading ~/.simrc file.
Loading ~/.simrc file.
Loading ~/.simrc file.
Loading ~/.simrc file.
Loading ~/.simrc file.
Loading ~/.simrc file.
Loading ~/.simrc file.
Loading ~/.simrc file.
Loading ~/.simrc file.
Loading ~/.simrc file.
Loading ~/.simrc file.
Loading ~/.simrc file.
Loading ~/.simrc file.
Loading ~/.simrc file.
Loading ~/.simrc file.
Loading ~/.simrc file.
Loading ~/.simrc file.
Loading ~/.simrc file.
Loading ~/.simrc file.
Loading ~/.simrc file.
Loading ~/.simrc file.
Loading ~/.simrc file.
Loading ~/.simrc file.
Loading ~/.simrc file.
Loading ~/.simrc file.
Loading ~/.simrc file.
Loading ~/.simrc file.
Loading ~/.simrc file.
Loading ~/.simrc file.
Loading ~/.simrc file.
Loading ~/.simrc file.
Loading ~/.simrc file.
Loading ~/.simrc file.
Loading ~/.simrc file.
Loading ~/.simrc file.
Loading ~/.simrc file.
Loading ~/.simrc file.
Loading ~/.simrc file.
Loading ~/.simrc file.
Loading ~/.simrc file.
Loading ~/.simrc file.
Loading ~/.simrc file.
Loading ~/.simrc file.
Loading ~/.simrc file.
Loading ~/.simrc file.
Loading ~/.simrc file.
Loading ~/.simrc file.
Loading ~/.simrc file.
Loading ~/.simrc file.
Loading ~/.simrc file.
Loading ~/.simrc file.
Loading ~/.simrc file.
Loading ~/.simrc file.
Loading ~/.simrc file.
Loading ~/.simrc file.
Loading ~/.simrc file.
Loading ~/.simrc file.
Loading ~/.simrc file.
Loading ~/.simrc file.
Loading ~/.simrc file.
Loading ~/.simrc file.
Loading ~/.simrc file.
Loading ~/.simrc file.
Loading ~/.simrc file.
Loading ~/.simrc file.
Loading ~/.simrc file.
Loading ~/.simrc file.
Loading ~/.simrc file.
Loading ~/.simrc file.
Loading ~/.simrc file.
Loading ~/.simrc file.
Loading ~/.simrc file.
Loading ~/.simrc file.
Loading ~/.simrc file.
Loading ~/.simrc file.
Loading ~/.simrc file.
Loading ~/.simrc file.
Loading ~/.simrc file.
Loading ~/.simrc file.
Loading ~/.simrc file.
Loading ~/.simrc file.
Loading ~/.simrc file.
Loading ~/.simrc file.
Loading ~/.simrc file.
Loading ~/.simrc file.
Loading ~/.simrc file.
Loading ~/.simrc file.
Loading ~/.simrc file.
Loading ~/.simrc file.
Loading ~/.simrc file.
Loading ~/.simrc file.
Loading ~/.simrc file.
Loading ~/.simrc file.
Loading ~/.simrc file.
Loading ~/.simrc file.
Loading ~/.simrc file.
Loading ~/.simrc file.
Loading ~/.simrc file.
Loading ~/.simrc file.
Loading ~/.simrc file.
Loading ~/.simrc file.
Loading ~/.simrc file.
Loading ~/.simrc file.
Loading ~/.simrc file.
Loading ~/.simrc file.
Loading ~/.simrc file.
Loading ~/.simrc file.
Loading ~/.simrc file.
Loading ~/.simrc file.
Loading ~/.simrc file.
Loading ~/.simrc file.
Loading ~/.simrc file.
Loading ~/.simrc file.
Loading ~/.simrc file.
Loading ~/.simrc file.
Loading ~/.simrc file.
Loading ~/.simrc file.
Loading ~/.simrc file.
Loading ~/.simrc file.
Loading ~/.simrc file.
Loading ~/.simrc file.
Loading ~/.simrc file.
Loading ~/.simrc file.
Loading ~/.simrc file.
Loading ~/.simrc file.
Loading ~/.simrc file.
Loading ~/.simrc file.
Loading ~/.simrc file.
Loading ~/.simrc file.
Loading ~/.simrc file.
Loading ~/.simrc file.
Loading ~/.simrc file.
Loading ~/.simrc file.
Loading ~/.simrc file.
Loading ~/.simrc file.
Loading ~/.simrc file.
Loading ~/.simrc file.
Loading ~/.simrc file.
Loading ~/.simrc file.
Loading ~/.simrc file.
Loading ~/.simrc file.
Loading ~/.simrc file.
Loading ~/.simrc file.
Loading ~/.simrc file.
Loading ~/.simrc file.
Loading ~/.simrc file.
Loading ~/.simrc file.
Loading ~/.simrc file.
Loading ~/.simrc file.
Loading ~/.simrc file.
Loading ~/.simrc file.
Loading ~/.simrc file.
Loading ~/.simrc file.
Loading ~/.simrc file.
Loading ~/.simrc file.
Loading ~/.simrc file.
Loading ~/.simrc file.
Loading ~/.simrc file.
Loading ~/.simrc file.
Loading ~/.simrc file.
Loading ~/.simrc file.
Loading ~/.simrc file.
Loading ~/.simrc file.
Loading ~/.simrc file.
Loading ~/.simrc file.
Loading ~/.simrc file.
Loading ~/.simrc file.
Loading ~/.simrc file.
Loading ~/.simrc file.
Loading ~/.simrc file.
Loading ~/.simrc file.
Loading ~/.simrc file.
Loading ~/.simrc file.
Loading ~/.simrc file.
Loading ~/.simrc file.
Loading ~/.simrc file.
Loading ~/.simrc file.
Loading ~/.simrc file.
Loading ~/.simrc file.
Loading ~/.simrc file.
Loading ~/.simrc file.
Loading ~/.simrc file.
Loading ~/.simrc file.
Loading ~/.simrc file.
Loading ~/.simrc file.
Loading ~/.simrc file.
Loading ~/.simrc file.
Loading ~/.simrc file.
Loading ~/.simrc file.
Loading ~/.simrc file.
Loading ~/.simrc file.
Loading ~/.simrc file.
Loading ~/.simrc file.
Loading ~/.simrc file.
Loading ~/.simrc file.
Loading ~/.simrc file.
Loading ~/.simrc file.
Loading ~/.simrc file.
Loading ~/.simrc file.
Loading ~/.simrc file.
Loading ~/.simrc file.
Loading ~/.simrc file.
Loading ~/.simrc file.
Loading ~/.simrc file.
Loading ~/.simrc file.
Loading ~/.simrc file.
Loading ~/.simrc file.
Loading ~/.simrc file.
Loading ~/.simrc file.
Loading ~/.simrc file.
Loading ~/.simrc file.
Loading ~/.simrc file.
Loading ~/.simrc file.
Loading ~/.simrc file.
Loading ~/.simrc file.
Loading ~/.simrc file.
Loading ~/.simrc file.
Loading ~/.simrc file.
Loading ~/.simrc file.
Loading ~/.simrc file.
Loading ~/.simrc file.
Loading ~/.simrc file.
Loading ~/.simrc file.
Loading ~/.simrc file.
Loading ~/.simrc file.
Loading ~/.simrc file.
Loading ~/.simrc file.
Loading ~/.simrc file.
Loading ~/.simrc file.
Loading ~/.simrc file.
Loading ~/.simrc file.
Loading ~/.simrc file.
Loading ~/.simrc file.
Loading ~/.simrc file.
Loading ~/.simrc file.
Loading ~/.simrc file.
Loading ~/.simrc file.
Loading ~/.simrc file.
Loading ~/.simrc file.
Loading ~/.simrc file.
Loading ~/.simrc file.
Loading ~/.simrc file.
Loading ~/.simrc file.
Loading ~/.simrc file.
Loading ~/.simrc file.
Loading ~/.simrc file.
Loading ~/.simrc file.
Loading ~/.simrc file.
Loading ~/.simrc file.
Loading ~/.simrc file.
Loading ~/.simrc file.
Loading ~/.simrc file.
Loading ~/.simrc file.
Loading ~/.simrc file.
Loading ~/.simrc file.
Loading ~/.simrc file.
Loading ~/.simrc file.
Loading ~/.simrc file.
Loading ~/.simrc file.
Loading ~/.simrc file.
Loading ~/.simrc file.
Loading ~/.simrc file.
Loading ~/.simrc file.
Loading ~/.simrc file.
Loading ~/.simrc file.
Loading ~/.simrc file.
Loading ~/.simrc file.
Loading ~/.simrc file.
Loading ~/.simrc file.
Loading ~/.simrc file.
Loading ~/.simrc file.
Loading ~/.simrc file.
Loading ~/.simrc file.
Loading ~/.simrc file.
Loading ~/.simrc file.
Loading ~/.simrc file.
Loading ~/.simrc file.
Loading ~/.simrc file.
Loading ~/.simrc file.
Loading ~/.simrc file.
Loading ~/.simrc file.
Loading ~/.simrc file.
Loading ~/.simrc file.
Loading ~/.simrc file.
Loading ~/.simrc file.
Loading ~/.simrc file.
Loading ~/.simrc file.
*Error* load: can't access file - "~/.simrc"

Running simulation in directory: "/h/ndavis01/final_project/vlsi_final_project/LVS".

*WARNING* (loadContext): could not restore method, undefined generic _parModeOnPreSimOp _mspsModeExt

*WARNING* (loadContext): could not restore method, undefined generic _parModeOnExit _mspsModeExt

*WARNING* (loadContext): could not restore method, undefined generic _parModeOnEntry _mspsModeExt

*WARNING* (loadContext): could not restore method, undefined generic _parModeSetup _mspsModeExt

*WARNING* (loadContext): could not restore method, undefined generic _parModeSetParView _mspsModeExt

*WARNING* (loadContext): could not restore method, undefined generic _parModeSetSchView _mspsModeExt

*WARNING* (loadContext): could not restore method, undefined generic _parModeGetParView _mspsModeExt

*WARNING* (loadContext): could not restore method, undefined generic _parModeGetSchView _mspsModeExt

*WARNING* (loadContext): could not restore method, undefined generic _parModeBuildParViewHelp _mspsModeExt

*WARNING* (loadContext): could not restore method, undefined generic _parModeBuildParView _mspsModeExt

*WARNING* (loadContext): could not restore method, undefined generic _parModeUpdateParView _mspsModeSchEst

*WARNING* (loadContext): could not restore method, undefined generic _parModeBuildEst _mspsModeSchEst

*WARNING* (loadContext): could not restore method, undefined generic _parModeSetup _mspsModeSchEst

*WARNING* (loadContext): could not restore method, undefined generic _parModeSetParView _mspsModeSchEst

*WARNING* (loadContext): could not restore method, undefined generic _parModeSetSchView _mspsModeSchEst

*WARNING* (loadContext): could not restore method, undefined generic _parModeGetParView _mspsModeSchEst

*WARNING* (loadContext): could not restore method, undefined generic _parModeGetSchView _mspsModeSchEst

*WARNING* (loadContext): could not restore method, undefined generic _parEstBuildViewName _mspsEstBuild

*WARNING* (loadContext): could not restore method, undefined generic _parEstBuildCellName _mspsEstBuild

*WARNING* (loadContext): could not restore method, undefined generic _parEstBuildLibName _mspsEstBuild

*WARNING* (loadContext): could not restore method, undefined generic _parMsgReport _mspsMsgReporter



Begin netlist:    Dec  2 23:36:01 2013
	view name list	= ("auLvs" "extracted")
	stop name list	= ("auLvs")
	library name	= "Adder"
	cell name	= "Output_Register"
	view name	= "extracted"
	globals lib	= "basic"
Running Artist Flat Netlisting ...
*WARNING* Parameter 'lxUseCell' already exists.
End netlist:    Dec  2 23:36:01 2013

Moving original netlist to extNetlist
Removing parasitic components from netlist
	presistors removed:  0
	pcapacitors removed: 384
	pinductors removed:  0
	pdiodes removed:     0
	trans lines removed: 0
	86 nodes merged into 86 nodes


Begin netlist:    Dec  2 23:36:01 2013
	view name list	= ("auLvs" "cmos_sch" "schematic" "symbol")
	stop name list	= ("auLvs")
	library name	= "Adder"
	cell name	= "Output_Register"
	view name	= "schematic"
	globals lib	= "basic"
Running Artist Flat Netlisting ...
*WARNING* Parameter 'lxUseCell' already exists.
End netlist:    Dec  2 23:36:01 2013

Moving original netlist to extNetlist
Removing parasitic components from netlist
	presistors removed:  0
	pcapacitors removed: 0
	pinductors removed:  0
	pdiodes removed:     0
	trans lines removed: 0
	163 nodes merged into 163 nodes

Running netlist comparison program:  LVS
Begin comparison:    Dec  2 23:36:01 2013
@(#)$CDS: LVS version 6.1.3 07/09/2009 04:30 (cic612lnx) $

The net-lists match.

			     layout  schematic
				instances
	un-matched		0	0
	rewired			0	0
	size errors		0	0
	pruned			0	0
	active			166	130
	total			166	130

				  nets
	un-matched		0	0
	merged			0	0
	pruned			0	0
	active			86	86
	total			86	86

				terminals
	un-matched		0	0
	matched but
	different type		0	0
	total			21	21
End comparison:      Dec  2 23:36:02 2013


Comparison program completed successfully.
