@(#)$CDS: LVS version 6.1.3 07/09/2009 04:30 (cic612lnx) $

Command line: /usr/cots/cadence/6.x/IC613/tools.lnx86/dfII/bin/32bit/LVS -dir /h/nkurin0a/public_html/EE103/LVS -l -s -t /h/nkurin0a/public_html/EE103/LVS/layout /h/nkurin0a/public_html/EE103/LVS/schematic
Like matching is enabled.
Net swapping is enabled.
Using terminal names as correspondence points.
Compiling Diva LVS rules...

    Net-list summary for /h/nkurin0a/public_html/EE103/LVS/layout/netlist
       count
	429		nets
	29		terminals
	517		pmos
	581		nmos

    Net-list summary for /h/nkurin0a/public_html/EE103/LVS/schematic/netlist
       count
	429		nets
	29		terminals
	349		pmos
	415		nmos


    Terminal correspondence points
    N410      N6        A0
    N409      N19       A1
    N408      N25       A2
    N407      N35       A3
    N406      N17       A4
    N405      N4        A5
    N404      N8        A6
    N403      N44       A7
    N426      N12       B0
    N424      N18       B1
    N422      N27       B2
    N420      N36       B3
    N419      N13       B4
    N418      N9        B5
    N417      N26       B6
    N416      N2        B7
    N412      N85       CLK
    N415      N16       Cout
    N402      N11       S0
    N401      N24       S1
    N400      N3        S2
    N428      N7        S3
    N427      N46       S4
    N425      N15       S5
    N423      N10       S6
    N421      N5        S7
    N414      N14       Sub
    N411      N0        gnd!
    N413      N1        vdd!

Devices in the netlist but not in the rules:
        pcapacitor
Devices in the rules but not in the netlist:
        cap nfet pfet nmos4 pmos4

The net-lists match.

			     layout  schematic
				instances
	un-matched		0	0
	rewired			0	0
	size errors		0	0
	pruned			0	0
	active			1098	764
	total			1098	764

				  nets
	un-matched		0	0
	merged			0	0
	pruned			0	0
	active			429	429
	total			429	429

				terminals
	un-matched		0	0
	matched but
	different type		0	0
	total			29	29


Probe files from /h/nkurin0a/public_html/EE103/LVS/schematic

devbad.out:

netbad.out:

mergenet.out:

termbad.out:

prunenet.out:

prunedev.out:

audit.out:


Probe files from /h/nkurin0a/public_html/EE103/LVS/layout

devbad.out:

netbad.out:

mergenet.out:

termbad.out:

prunenet.out:

prunedev.out:

audit.out:
