\o Program:		@(#)$CDS: libManager.exe version 6.1.2 04/01/2009 13:52 (cat71lnx) $
\o Sub version:		sub-version 07.02-s041
\o Arguments:		-mpssession virtuoso4986 -mpshost lab120a 
\o Working Directory:	lab120a:/h/ndavis01/final_project/vlsi_final_project
\o Qt version: 		4.2.3
\o Log file is "/h/ndavis01/final_project/vlsi_final_project/libManager.log".
\o Opening libManager window.
\a nrSetCurrentWindow(cdsLibManager)
\o Loading customization file "/usr/cots/cadence/6.x/local/ncsu-cdk/cdssetup/cdsLibMgr.il"
\o Loading NCSU Library Manager customizations...done.
\o changeWorkingDir("/h/ndavis01/final_project/vlsi_final_project") unnecessary.
\o ddSetForcedLib("") unnecessary.
\o MPS service: map window
\a nrResizeWindow(cdsLibManager list(350 -24 736 549))
\o Library Manager customization server connected.
\a cdsLibManager->libListBox->value = "Adder"
\a cdsLibManager->libListBox->value = "Adder"
\a cdsLibManager->libLineEdit->value = "Adder"
\a cdsLibManager->cellListBox->value = "LO_Inverter"
\a cdsLibManager->cellListBox->value = "Inverter"
\a cdsLibManager->cellListBox->value = "HI_Inverter"
\a cdsLibManager->cellListBox->value = "Input_Buffer"
\a cdsLibManager->cellLineEdit->value = "Input_Buffer"
\a cdsLibManager->viewListBox->value = "functional"
\a nrListItemAction(cdsLibManager->viewListBox 0 0)
\o MPS request: edit design
\a cdsLibManager->viewLineEdit->value = "functional"
\a nrSetCurrentWindow(cdsLibManager)
\a nrSetCurrentWindow(cdsLibManager)
\a cdsLibManager->cellListBox->value = nil
\a cdsLibManager->viewListBox->value = nil
\a cdsLibManager->viewLineEdit->value = ""
\a cdsLibManager->cellListBox->value = "Input_Register"
\a cdsLibManager->cellListBox->value = "Input_Buffer"
\a cdsLibManager->cellLineEdit->value = "Input_Buffer"
\a cdsLibManager->viewListBox->value = "schematic"
\a nrListItemAction(cdsLibManager->viewListBox 1 0)
\o MPS request: edit design
\a cdsLibManager->libListBox->value = nil
\a cdsLibManager->cellListBox->value = nil
\a cdsLibManager->viewListBox->value = nil
\a cdsLibManager->cellLineEdit->value = ""
\a cdsLibManager->libLineEdit->value = ""
\a cdsLibManager->libListBox->value = "Adder"
\a cdsLibManager->libLineEdit->value = "Adder"
\a cdsLibManager->libListBox->value = "Adder"
\a cdsLibManager->libListBox->value = "Adder"
\a cdsLibManager->cellListBox->value = "Input_Buffer"
\a cdsLibManager->cellLineEdit->value = "Input_Buffer"
\a cdsLibManager->viewListBox->value = "schematic"
\a cdsLibManager->viewLineEdit->value = "schematic"
\a nrSetCurrentWindow(cdsLibManager)
\a cdsLibManager->cellListBox->value = "Domino_SPG"
\a cdsLibManager->viewListBox->value = nil
\a cdsLibManager->viewLineEdit->value = ""
\a cdsLibManager->viewListBox->value = "schematic"
\a cdsLibManager->viewLineEdit->value = "schematic"
\a cdsLibManager->cellLineEdit->value = "Domino_SPG"
\a cdsLibManager->viewListBox->value = "functional"
\a cdsLibManager->viewListBox->value = nil
\a cdsLibManager->viewListBox->value = "functional"
\a nrListItemAction(cdsLibManager->viewListBox 1 0)
\o MPS request: edit design
\a cdsLibManager->viewLineEdit->value = "functional"
\a nrSetCurrentWindow(cdsLibManager)
\a cdsLibManager->viewListBox->value = "schematic"
\a nrListItemAction(cdsLibManager->viewListBox 3 0)
\o MPS request: edit design
\a cdsLibManager->viewLineEdit->value = "schematic"
\a nrSetCurrentWindow(cdsLibManager)
\a cdsLibManager->viewListBox->value = "functional"
\a lmgrLogShowPopup("mainListPopup2" 39 19 2 "functional")
\a cdsLibManager->viewListBox->value = nil
\a cdsLibManager->viewLineEdit->value = ""
\a nrSetWindowVisibility(cdsLibManager "hide")
\o libManager is exiting.
\a exit(0)
